9/4/2019 9:44:14 AM, Info: Initializing SIMPLSharp Services...
9/4/2019 9:44:14 AM, Info: ProjectInfo successfully initialized.
9/4/2019 9:49:12 AM, Info: Saving project information...
9/4/2019 9:49:12 AM, Info: Saving project information...
9/4/2019 9:49:12 AM, Info: Saving project information...
9/4/2019 9:54:12 AM, Info: Saving project information...
9/4/2019 9:54:12 AM, Info: Saving project information...
9/4/2019 9:54:12 AM, Info: Saving project information...
9/4/2019 9:59:12 AM, Info: Saving project information...
9/4/2019 9:59:12 AM, Info: Saving project information...
9/4/2019 9:59:12 AM, Info: Saving project information...
9/4/2019 10:00:18 AM, Info: Validating assembly C:\Users\JTA\Documents\Stash Folder\Frameworks\PDT.EssentialsPluginTemplate.EPI\EssentialsBuilds\PepperDash_Core.dll...
9/4/2019 10:00:19 AM, Info: Validating assembly C:\Users\JTA\Documents\Stash Folder\Frameworks\PDT.EssentialsPluginTemplate.EPI\EssentialsBuilds\PepperDash_Essentials_Core.dll...
9/4/2019 10:00:19 AM, Info: Validating assembly C:\Users\JTA\Documents\Stash Folder\Frameworks\PDT.EssentialsPluginTemplate.EPI\EssentialsBuilds\PepperDash_Essentials_DM.dll...
9/4/2019 10:00:20 AM, Info: Validating assembly C:\Users\JTA\Documents\Stash Folder\Frameworks\PDT.EssentialsPluginTemplate.EPI\EssentialsBuilds\PepperDashEssentials.dll...
9/4/2019 10:02:07 AM, Info: Saving project information...
9/4/2019 10:02:07 AM, Info: Saving project information...
9/4/2019 10:02:07 AM, Info: Saving project information...
9/4/2019 10:02:07 AM, Info: Saving project information...
9/4/2019 10:02:07 AM, Info: Saving project information...
9/4/2019 10:02:07 AM, Info: Saving project information...
9/4/2019 10:03:47 AM, Info: Validating assembly C:\Users\JTA\Documents\Stash Folder\Frameworks\PDT.EssentialsPluginTemplate.EPI\PDT.EssentialsPluginTemplate.EPI\bin\Debug\PDT.EssentialsPluginTemplate.EPI.dll...
9/4/2019 10:03:47 AM, Info: Verifying assembly C:\Users\JTA\Documents\Stash Folder\Frameworks\PDT.EssentialsPluginTemplate.EPI\PDT.EssentialsPluginTemplate.EPI\bin\Debug\PDT.EssentialsPluginTemplate.EPI.dll
9/4/2019 10:03:47 AM, Info: Creating Archive C:\Users\JTA\Documents\Stash Folder\Frameworks\PDT.EssentialsPluginTemplate.EPI\PDT.EssentialsPluginTemplate.EPI\bin\Debug\PDT.EssentialsPluginTemplate.EPI.cplz...
9/4/2019 10:03:48 AM, Info: Saving project information...
9/4/2019 10:24:37 AM, Info: Terminating SIMPLSharp Services
